<?xml version="1.0" encoding="UTF-8"?>
<!-- Generated by org.testng.reporters.JUnitXMLReporter -->
<testsuite hostname="LTUS43208" ignored="3" name="Test1" tests="4" failures="0" timestamp="02 Dec 2017 09:52:19 GMT" time="0.236" errors="0">
  <testcase name="@BeforeClass getBrowserType" time="0.0" classname="com.nbcd.GenericLib.Extent_Reports">
    <failure type="org.testng.TestNGException" message="
Parameter &amp;apos;browser&amp;apos; is required by BeforeClass on method getBrowserType but has not been marked @Optional or defined
in C:\POC\NBCAutomation\testng.xml">
      <![CDATA[org.testng.TestNGException: 
Parameter 'browser' is required by BeforeClass on method getBrowserType but has not been marked @Optional or defined
in C:\POC\NBCAutomation\testng.xml
	at java.util.concurrent.FutureTask.run(FutureTask.java:266)
	at java.util.concurrent.ThreadPoolExecutor.runWorker(ThreadPoolExecutor.java:1142)
	at java.util.concurrent.ThreadPoolExecutor$Worker.run(ThreadPoolExecutor.java:617)
	at java.lang.Thread.run(Thread.java:745)
... Removed 13 stack frames]]>
    </failure>
  </testcase> <!-- @BeforeClass getBrowserType -->
  <testcase name="@BeforeClass getBrowser" time="0.0" classname="com.nbcd.GenericLib.GetWebDriverInstance">
    <skipped/>
  </testcase> <!-- @BeforeClass getBrowser -->
  <testcase name="@BeforeMethod beforeMethod" time="0.0" classname="com.nbcd.GenericLib.Extent_Reports">
    <skipped/>
  </testcase> <!-- @BeforeMethod beforeMethod -->
  <testcase name="@BeforeClass getBrowserType" time="0.0" classname="com.nbcd.GenericLib.Extent_Reports">
    <skipped/>
  </testcase> <!-- @BeforeClass getBrowserType -->
  <testcase name="@BeforeClass getBrowser" time="0.0" classname="com.nbcd.GenericLib.GetWebDriverInstance">
    <skipped/>
  </testcase> <!-- @BeforeClass getBrowser -->
  <testcase name="@BeforeMethod beforeMethod" time="0.0" classname="com.nbcd.GenericLib.Extent_Reports">
    <skipped/>
  </testcase> <!-- @BeforeMethod beforeMethod -->
  <testcase name="@BeforeClass getBrowserType" time="0.0" classname="com.nbcd.GenericLib.Extent_Reports">
    <skipped/>
  </testcase> <!-- @BeforeClass getBrowserType -->
  <testcase name="@BeforeClass getBrowser" time="0.0" classname="com.nbcd.GenericLib.GetWebDriverInstance">
    <skipped/>
  </testcase> <!-- @BeforeClass getBrowser -->
  <testcase name="@BeforeMethod beforeMethod" time="0.0" classname="com.nbcd.GenericLib.Extent_Reports">
    <skipped/>
  </testcase> <!-- @BeforeMethod beforeMethod -->
  <testcase name="@BeforeClass getBrowserType" time="0.0" classname="com.nbcd.GenericLib.Extent_Reports">
    <skipped/>
  </testcase> <!-- @BeforeClass getBrowserType -->
  <testcase name="@BeforeClass getBrowser" time="0.0" classname="com.nbcd.GenericLib.GetWebDriverInstance">
    <skipped/>
  </testcase> <!-- @BeforeClass getBrowser -->
  <testcase name="@BeforeMethod beforeMethod" time="0.0" classname="com.nbcd.GenericLib.Extent_Reports">
    <skipped/>
  </testcase> <!-- @BeforeMethod beforeMethod -->
  <testcase name="@AfterTest endReport" time="0.0" classname="com.nbcd.GenericLib.Extent_Reports">
    <skipped/>
  </testcase> <!-- @AfterTest endReport -->
  <testcase name="MenuDetails" time="0.032" classname="com.nbcd.Test.TCHomePage">
    <skipped/>
  </testcase> <!-- MenuDetails -->
  <testcase name="TwitterTags" time="0.0" classname="com.nbcd.Test.TCShowHomePage_043VerifyTwitterTags">
    <skipped/>
  </testcase> <!-- TwitterTags -->
  <testcase name="seo" time="0.0" classname="com.nbcd.Test.TCShowInnerEpisode_seo">
    <skipped/>
  </testcase> <!-- seo -->
  <testcase name="ehsf" time="0.0" classname="com.nbcd.Test.TCShowInnerEpisode_ehsf">
    <skipped/>
  </testcase> <!-- ehsf -->
  <testcase name="@AfterTest endReport" time="0.0" classname="com.nbcd.GenericLib.Extent_Reports">
    <ignored/>
  </testcase> <!-- @AfterTest endReport -->
  <testcase name="@AfterTest endReport" time="0.0" classname="com.nbcd.GenericLib.Extent_Reports">
    <ignored/>
  </testcase> <!-- @AfterTest endReport -->
  <testcase name="@AfterTest endReport" time="0.0" classname="com.nbcd.GenericLib.Extent_Reports">
    <ignored/>
  </testcase> <!-- @AfterTest endReport -->
</testsuite> <!-- Test1 -->
